// Copyright (C) 2010 Mobile Sorcery AB
//
//This program is free software; you can redistribute it and/or modify it under
//the terms of the GNU General Public License, version 2, as published by
//the Free Software Foundation.
//
//This program is distributed in the hope that it will be useful,
//but WITHOUT ANY WARRANTY; without even the implied warranty of MERCHANTABILITY
//or FITNESS FOR A PARTICULAR PURPOSE.  See the GNU General Public License
//for more details.
//
//You should have received a copy of the GNU General Public License
//along with this program; see the file COPYING.  If not, write to the Free
//Software Foundation, 59 Temple Place - Suite 330, Boston, MA
//02111-1307, USA.
//

//.res RES_FONT_VERDANA13WHITE
//.bin
//.include "verdana13white.mof"

.res RES_FONT_VERDANA13BLACK
.bin
.include "verdana13black.mof"

//.res RES_FONT_VERDANA13WHITEBOLD
//.bin
//.include "verdana13whitebold.mof"

//.res RES_FONT_VERDANA13BLACKBOLD
//.bin
//.include "verdana13blackbold.mof"

//.res RES_FONT_VERDANA14WHITE
//.bin
//.include "verdana14white.mof"

//.res RES_FONT_VERDANA14BLUE
//.bin
//.include "verdana14blue.mof"

//.res RES_FONT_VERDANA14BLACK
//.bin
//.include "verdana14black.mof"

//.res RES_FONT_VERDANA14BLACKBOLD
//.bin
//.include "verdana14blackbold.mof"

//.res RES_FONT_VERDANA14WHITEBOLD
//.bin
//.include "verdana14whitebold.mof"

//.res RES_FONT_VERDANA16WHITE
//.bin
//.include "verdana16white.mof"

//.res RES_FONT_VERDANA16WHITEBOLD
//.bin
//.include "verdana16whitebold.mof"

//.res RES_FONT_VERDANA18BLACKBOLD
//.bin
//.include "verdana18blackbold.mof"

//.res RES_FONT_VERDANA18WHITE
//.bin
//.include "verdana18white.mof"

//.res RES_FONT_VERDANA18WHITEBOLD
//.bin
//.include "verdana18whitebold.mof"

//.res RES_FONT_VERDANA20WHITE
//.bin
//.include "verdana20white.mof"

//.res RES_FONT_VERDANA20WHITEBOLD
//.bin
//.include "verdana20whitebold.mof"

//.res RES_SELECTEDGRAYRAMP
//.image "SelectedGrayramp.png"

//.res RES_UNSELECTEDGRAYRAMP
//.image "UnselectedGrayramp60.png"

//.res RES_SMOKESKIN
//.image "smokeskin45.png"


